[0819/062100.505:INFO:CONSOLE(114)] "Event handler of 'x-storagemutated-1' event must be added on the initial evaluation of worker script.", source: https://static.whatsapp.net/rsrc.php/v4/yJ/r/9aw7xvtF0vw.js (114)
[0819/062100.781:INFO:CONSOLE(0)] "Error with Permissions-Policy header: Feature xr-spatial-tracking's parameters are ignored.", source:  (0)
[0819/062100.781:INFO:CONSOLE(0)] "Error with Permissions-Policy header: Origin trial controlled feature not enabled: 'attribution-reporting'.", source:  (0)
[0819/062100.781:INFO:CONSOLE(0)] "Error with Permissions-Policy header: Unrecognized feature: 'compute-pressure'.", source:  (0)
[0819/062100.781:INFO:CONSOLE(0)] "Error with Permissions-Policy header: Origin trial controlled feature not enabled: 'interest-cohort'.", source:  (0)
[0819/062100.785:INFO:CONSOLE(0)] "Error with Permissions-Policy header: Unrecognized feature: 'private-state-token-issuance'.", source:  (0)
[0819/062100.785:INFO:CONSOLE(0)] "Error with Permissions-Policy header: Origin trial controlled feature not enabled: 'shared-storage'.", source:  (0)
[0819/062100.785:INFO:CONSOLE(0)] "Error with Permissions-Policy header: Unrecognized feature: 'shared-storage-select-url'.", source:  (0)
[0819/062100.785:INFO:CONSOLE(0)] "Error with Permissions-Policy header: Unrecognized feature: 'private-state-token-redemption'.", source:  (0)
[0819/062100.785:INFO:CONSOLE(0)] "Error with Permissions-Policy header: Unrecognized feature: 'unload'.", source:  (0)
[0819/062100.785:INFO:CONSOLE(0)] "Error with Permissions-Policy header: Unrecognized feature: 'window-management'.", source:  (0)
[0819/062100.786:INFO:CONSOLE(0)] "Document-Policy HTTP header: Unrecognized document policy feature name include-js-call-stacks-in-crash-reports.", source: https://web.whatsapp.com/ (0)
[0819/062100.808:WARNING:backend_impl.cc(1816)] Destroying invalid entry.
[0819/062100.811:WARNING:backend_impl.cc(1816)] Destroying invalid entry.
[0819/062100.825:WARNING:backend_impl.cc(1816)] Destroying invalid entry.
[0819/062100.826:WARNING:backend_impl.cc(1816)] Destroying invalid entry.
[0819/062100.827:WARNING:backend_impl.cc(1816)] Destroying invalid entry.
[0819/062100.828:WARNING:backend_impl.cc(1816)] Destroying invalid entry.
[0819/062100.829:WARNING:backend_impl.cc(1816)] Destroying invalid entry.
[0819/062100.830:WARNING:backend_impl.cc(1816)] Destroying invalid entry.
[0819/062110.560:INFO:CONSOLE(0)] "Error with Permissions-Policy header: Feature xr-spatial-tracking's parameters are ignored.", source:  (0)
[0819/062110.561:INFO:CONSOLE(0)] "Error with Permissions-Policy header: Origin trial controlled feature not enabled: 'attribution-reporting'.", source:  (0)
[0819/062110.561:INFO:CONSOLE(0)] "Error with Permissions-Policy header: Unrecognized feature: 'compute-pressure'.", source:  (0)
[0819/062110.566:INFO:CONSOLE(0)] "Error with Permissions-Policy header: Origin trial controlled feature not enabled: 'interest-cohort'.", source:  (0)
[0819/062110.566:INFO:CONSOLE(0)] "Error with Permissions-Policy header: Unrecognized feature: 'private-state-token-issuance'.", source:  (0)
[0819/062110.568:INFO:CONSOLE(0)] "Error with Permissions-Policy header: Origin trial controlled feature not enabled: 'shared-storage'.", source:  (0)
[0819/062110.568:INFO:CONSOLE(0)] "Error with Permissions-Policy header: Unrecognized feature: 'shared-storage-select-url'.", source:  (0)
[0819/062110.568:INFO:CONSOLE(0)] "Error with Permissions-Policy header: Unrecognized feature: 'private-state-token-redemption'.", source:  (0)
[0819/062110.570:INFO:CONSOLE(0)] "Error with Permissions-Policy header: Unrecognized feature: 'unload'.", source:  (0)
[0819/062110.571:INFO:CONSOLE(0)] "Error with Permissions-Policy header: Unrecognized feature: 'window-management'.", source:  (0)
[0819/062110.577:INFO:CONSOLE(0)] "Document-Policy HTTP header: Unrecognized document policy feature name include-js-call-stacks-in-crash-reports.", source: https://web.whatsapp.com/?post_logout=1 (0)
